<?xml version="1.0" encoding="UTF-8"?>
<testsuites name="Amazon_TSCollection_Login" time="19.35" tests="1" failures="0" errors="0">
   <testsuite name="Amazon_TestSuite_Login" tests="1" failures="0" errors="0" time="13.603" skipped="0" timestamp="03-02-2024T21:47:19" hostname="rachi - BEATRIX-HP" id="Test Suites/Amazon_TestSuite_Login/Amazon_TestSuite_Login">
      <properties>
         <property name="deviceName" value=""/>
         <property name="devicePlatform" value=""/>
         <property name="logFolder" value="C:\\Users\\rachi\\git\\Amazon-Testing-\\Reports\\20240203_214711\\Amazon_TestSuite_Login\\Amazon_TestSuite_Login\\20240203_214712"/>
         <property name="logFiles" value="C:\\Users\\rachi\\git\\Amazon-Testing-\\Reports\\20240203_214711\\Amazon_TestSuite_Login\\Amazon_TestSuite_Login\\20240203_214712\\execution0.log"/>
         <property name="attachments" value=""/>
         <property name="hostName" value="rachi - BEATRIX-HP"/>
         <property name="os" value="Windows 11 64bit"/>
         <property name="katalonVersion" value="9.2.0.212"/>
         <property name="browser" value="Chrome 120.0.0.0"/>
         <property name="hostAddress" value="192.168.40.1"/>
         <property name="sessionId" value="0aecdb8417c77cff0f0b0f79a05851ab"/>
         <property name="seleniumVersion" value="3.141.59"/>
         <property name="proxyInformation" value="ProxyInformation { proxyOption=NO_PROXY, proxyServerType=HTTP, username=, password=********, proxyServerAddress=, proxyServerPort=0, executionList=&quot;&quot;, isApplyToDesiredCapabilities=true }"/>
         <property name="platform" value="Windows 11"/>
      </properties>
      <testcase name="Test Cases/Amazon/TC_Amazon_Login" time="13.388" classname="Test Cases/Amazon/TC_Amazon_Login" status="PASSED">
         <system-out><![CDATA[03-02-2024T21:47:19 - [TEST_CASE][PASSED] - Test Cases/Amazon/TC_Amazon_Login: Test Cases/Amazon/TC_Amazon_Login

03-02-2024T21:47:20 - [TEST_STEP][PASSED] - openBrowser(""): Browser is opened with url: ''

03-02-2024T21:47:20 - [MESSAGE][INFO] - Starting 'Chrome' driver

03-02-2024T21:47:20 - [MESSAGE][INFO] - Action delay is set to 0 milliseconds

03-02-2024T21:47:22 - [MESSAGE][PASSED] - Browser is opened with url: ''

03-02-2024T21:47:22 - [TEST_STEP][PASSED] - navigateToUrl("https://www.amazon.in/"): Navigate to 'https://www.amazon.in/' successfully

03-02-2024T21:47:25 - [MESSAGE][PASSED] - Navigate to 'https://www.amazon.in/' successfully

03-02-2024T21:47:25 - [TEST_STEP][PASSED] - click(findTestObject("Object Repository/Amazon_OR/Page_Online Shopping site in India Shop Onl_10c5f3/span_Sign in")): Object: 'Object Repository/Amazon_OR/Page_Online Shopping site in India Shop Onl_10c5f3/span_Sign in' is clicked on

03-02-2024T21:47:28 - [MESSAGE][PASSED] - Object: 'Object Repository/Amazon_OR/Page_Online Shopping site in India Shop Onl_10c5f3/span_Sign in' is clicked on

03-02-2024T21:47:28 - [TEST_STEP][PASSED] - setText(findTestObject("Object Repository/Amazon_OR/Page_Amazon Sign In/input_email"), userame): Text 'rachit.sood2992@gmail.com' is set on object 'Object Repository/Amazon_OR/Page_Amazon Sign In/input_email'

03-02-2024T21:47:29 - [MESSAGE][PASSED] - Text 'rachit.sood2992@gmail.com' is set on object 'Object Repository/Amazon_OR/Page_Amazon Sign In/input_email'

03-02-2024T21:47:29 - [TEST_STEP][PASSED] - click(findTestObject("Object Repository/Amazon_OR/Page_Amazon Sign In/inputcontinue")): Object: 'Object Repository/Amazon_OR/Page_Amazon Sign In/inputcontinue' is clicked on

03-02-2024T21:47:31 - [MESSAGE][PASSED] - Object: 'Object Repository/Amazon_OR/Page_Amazon Sign In/inputcontinue' is clicked on

03-02-2024T21:47:31 - [TEST_STEP][PASSED] - setText(findTestObject("Object Repository/Amazon_OR/Page_Amazon Sign In/input_password"), Password): Text 'Srm@123' is set on object 'Object Repository/Amazon_OR/Page_Amazon Sign In/input_password'

03-02-2024T21:47:32 - [MESSAGE][PASSED] - Text 'Srm@123' is set on object 'Object Repository/Amazon_OR/Page_Amazon Sign In/input_password'

03-02-2024T21:47:32 - [TEST_STEP][PASSED] - click(findTestObject("Amazon_Button_OR/Page_Amazon Sign In/input_Enter your password_signInSubmit")): Object: 'Object Repository/Amazon_Button_OR/Page_Amazon Sign In/input_Enter your password_signInSubmit' is clicked on

03-02-2024T21:47:32 - [MESSAGE][PASSED] - Object: 'Object Repository/Amazon_Button_OR/Page_Amazon Sign In/input_Enter your password_signInSubmit' is clicked on

03-02-2024T21:47:32 - [TEST_STEP][PASSED] - closeBrowser(): Browser is closed

03-02-2024T21:47:33 - [MESSAGE][PASSED] - Browser is closed]]></system-out>
         <system-err><![CDATA[]]></system-err>
      </testcase>
      <system-out><![CDATA[03-02-2024T21:47:19 - [TEST_SUITE][PASSED] - Amazon_TestSuite_Login: Test Cases/Amazon/TC_Amazon_Login]]></system-out>
      <system-err><![CDATA[]]></system-err>
   </testsuite>
</testsuites>
